($,0)
(declare,0)
(int,0)
(identifier,1)
(,,0)
(identifier,2)
(,,0)
(),0)
(identifier,3)
(;,0)
(scan,0)
(identifier,1)
(,,0)
(identifier,2)
(;,0)
(while,0)
(identifier,2)
(!=,0)
({,0)
(identifier,4)
(=,0)
(identifier,2)
(;,0)
(identifier,2)
(=,0)
(identifier,1)
(%,0)
(identifier,2)
(;,0)
(identifier,1)
(=,0)
(identifier,4)
(;,0)
(},0)
(print,0)
(identifier,1)
(;,0)
($,0)
($,0)
(declare,0)
(int,0)
(,,0)
(identifier,1)
(,,0)
(),0)
(identifier,2)
(;,0)
(scan,0)
(identifier,3)
(,,0)
(identifier,1)
(;,0)
(while,0)
(identifier,1)
(!=,0)
({,0)
(identifier,4)
(=,0)
(identifier,1)
(;,0)
(identifier,1)
(=,0)
(identifier,3)
(%,0)
(identifier,1)
(;,0)
(identifier,3)
(=,0)
(identifier,4)
(;,0)
(},0)
(print,0)
(identifier,3)
(;,0)
($,0)
